orc_library/build/outputs/logs/manifest-merger-debug-report.txt
-- Merging decision tree log ---
manifest
ADDED from src\main\AndroidManifest.xml:4:1-27:12
INJECTED from src\main\AndroidManifest.xml:4:1-27:12
INJECTED from src\main\AndroidManifest.xml:4:1-27:12
INJECTED from src\main\AndroidManifest.xml:4:1-27:12
INJECTED from src\main\AndroidManifest.xml:4:1-27:12
INJECTED from src\main\AndroidManifest.xml:4:1-27:12
INJECTED from src\main\AndroidManifest.xml:4:1-27:12
	package
		ADDED from src\main\AndroidManifest.xml:5:11-37
		INJECTED from src\main\AndroidManifest.xml
		INJECTED from src\main\AndroidManifest.xml
	android:versionName
		INJECTED from src\main\AndroidManifest.xml
		ADDED from src\main\AndroidManifest.xml:4:1-27:12
		INJECTED from src\main\AndroidManifest.xml
	android:versionCode
		INJECTED from src\main\AndroidManifest.xml
		ADDED from src\main\AndroidManifest.xml:4:1-27:12
		INJECTED from src\main\AndroidManifest.xml
	xmlns:android
		ADDED from src\main\AndroidManifest.xml:4:11-69
uses-permission#android.permission.CAMERA
ADDED from src\main\AndroidManifest.xml:7:5-64
	android:name
		ADDED from src\main\AndroidManifest.xml:7:22-62
uses-permission#android.permission.READ_EXTERNAL_STORAGE
ADDED from src\main\AndroidManifest.xml:8:5-79
	android:name
		ADDED from src\main\AndroidManifest.xml:8:22-77
uses-permission#android.permission.WRITE_EXTERNAL_STORAGE
ADDED from src\main\AndroidManifest.xml:9:5-80
	android:name
		ADDED from src\main\AndroidManifest.xml:9:22-78
uses-feature#android.hardware.camera2.full
ADDED from src\main\AndroidManifest.xml:10:5-65
	android:name
		ADDED from src\main\AndroidManifest.xml:10:19-63
uses-feature#android.hardware.camera
ADDED from src\main\AndroidManifest.xml:11:5-59
	android:name
		ADDED from src\main\AndroidManifest.xml:11:19-57
uses-feature#android.hardware.camera.autofocus
ADDED from src\main\AndroidManifest.xml:12:5-70
	android:name
		ADDED from src\main\AndroidManifest.xml:12:19-67
application
ADDED from src\main\AndroidManifest.xml:14:5-25:19
	android:supportsRtl
		ADDED from src\main\AndroidManifest.xml:17:18-44
	android:label
		ADDED from src\main\AndroidManifest.xml:16:17-43
	android:vmSafeMode
		ADDED from src\main\AndroidManifest.xml:18:18-43
	android:icon
		ADDED from src\main\AndroidManifest.xml:15:17-44
	android:allowBackup
		ADDED from src\main\AndroidManifest.xml:14:18-44
	android:theme
		ADDED from src\main\AndroidManifest.xml:19:18-49
activity#com.baidu.ocr.ui.camera.CameraActivity
ADDED from src\main\AndroidManifest.xml:21:9-23:85
	android:configChanges
		ADDED from src\main\AndroidManifest.xml:22:19-65
	android:theme
		ADDED from src\main\AndroidManifest.xml:23:19-83
	android:name
		ADDED from src\main\AndroidManifest.xml:21:19-72
uses-sdk
INJECTED from src\main\AndroidManifest.xml reason: use-sdk injection requested
INJECTED from src\main\AndroidManifest.xml
INJECTED from src\main\AndroidManifest.xml
INJECTED from src\main\AndroidManifest.xml
INJECTED from src\main\AndroidManifest.xml
	android:targetSdkVersion
		INJECTED from src\main\AndroidManifest.xml
		ADDED from src\main\AndroidManifest.xml
		INJECTED from src\main\AndroidManifest.xml
	android:minSdkVersion
		INJECTED from src\main\AndroidManifest.xml
		ADDED from src\main\AndroidManifest.xml
		INJECTED from src\main\AndroidManifest.xml